2025-02-25T13:04:03.428+05:30  INFO 3000 --- [EmployementPayrollApplicatiom] [restartedMain] c.p.E.EmployementPayrollApplication      : Starting EmployementPayrollApplication using Java 23.0.1 with PID 3000 (D:\Capgemini\SpringBoot\Week-06-07-SpringBoot_Framework-\EmployementPayrollApplicatiom\target\classes started by sunny in D:\Capgemini\SpringBoot\Week-06-07-SpringBoot_Framework-\EmployementPayrollApplicatiom)
2025-02-25T13:04:03.431+05:30  INFO 3000 --- [EmployementPayrollApplicatiom] [restartedMain] c.p.E.EmployementPayrollApplication      : No active profile set, falling back to 1 default profile: "default"
2025-02-25T13:04:03.542+05:30  INFO 3000 --- [EmployementPayrollApplicatiom] [restartedMain] .e.DevToolsPropertyDefaultsPostProcessor : Devtools property defaults active! Set 'spring.devtools.add-properties' to 'false' to disable
2025-02-25T13:04:03.542+05:30  INFO 3000 --- [EmployementPayrollApplicatiom] [restartedMain] .e.DevToolsPropertyDefaultsPostProcessor : For additional web related logging consider setting the 'logging.level.web' property to 'DEBUG'
2025-02-25T13:04:04.863+05:30  INFO 3000 --- [EmployementPayrollApplicatiom] [restartedMain] .s.d.r.c.RepositoryConfigurationDelegate : Bootstrapping Spring Data JPA repositories in DEFAULT mode.
2025-02-25T13:04:04.967+05:30  INFO 3000 --- [EmployementPayrollApplicatiom] [restartedMain] .s.d.r.c.RepositoryConfigurationDelegate : Finished Spring Data repository scanning in 89 ms. Found 1 JPA repository interface.
2025-02-25T13:04:06.055+05:30  INFO 3000 --- [EmployementPayrollApplicatiom] [restartedMain] o.s.b.w.embedded.tomcat.TomcatWebServer  : Tomcat initialized with port 8080 (http)
2025-02-25T13:04:06.085+05:30  INFO 3000 --- [EmployementPayrollApplicatiom] [restartedMain] o.apache.catalina.core.StandardService   : Starting service [Tomcat]
2025-02-25T13:04:06.086+05:30  INFO 3000 --- [EmployementPayrollApplicatiom] [restartedMain] o.apache.catalina.core.StandardEngine    : Starting Servlet engine: [Apache Tomcat/10.1.36]
2025-02-25T13:04:06.163+05:30  INFO 3000 --- [EmployementPayrollApplicatiom] [restartedMain] o.a.c.c.C.[Tomcat].[localhost].[/]       : Initializing Spring embedded WebApplicationContext
2025-02-25T13:04:06.164+05:30  INFO 3000 --- [EmployementPayrollApplicatiom] [restartedMain] w.s.c.ServletWebServerApplicationContext : Root WebApplicationContext: initialization completed in 2620 ms
2025-02-25T13:04:06.363+05:30  INFO 3000 --- [EmployementPayrollApplicatiom] [restartedMain] com.zaxxer.hikari.HikariDataSource       : HikariPool-1 - Starting...
2025-02-25T13:04:06.701+05:30  INFO 3000 --- [EmployementPayrollApplicatiom] [restartedMain] com.zaxxer.hikari.pool.HikariPool        : HikariPool-1 - Added connection conn0: url=jdbc:h2:mem:11eec21d-34b5-47c5-bde8-47865ab7c9a9 user=SA
2025-02-25T13:04:06.705+05:30  INFO 3000 --- [EmployementPayrollApplicatiom] [restartedMain] com.zaxxer.hikari.HikariDataSource       : HikariPool-1 - Start completed.
2025-02-25T13:04:06.865+05:30  INFO 3000 --- [EmployementPayrollApplicatiom] [restartedMain] o.hibernate.jpa.internal.util.LogHelper  : HHH000204: Processing PersistenceUnitInfo [name: default]
2025-02-25T13:04:07.001+05:30  INFO 3000 --- [EmployementPayrollApplicatiom] [restartedMain] org.hibernate.Version                    : HHH000412: Hibernate ORM core version 6.6.8.Final
2025-02-25T13:04:07.074+05:30  INFO 3000 --- [EmployementPayrollApplicatiom] [restartedMain] o.h.c.internal.RegionFactoryInitiator    : HHH000026: Second-level cache disabled
2025-02-25T13:04:07.624+05:30  INFO 3000 --- [EmployementPayrollApplicatiom] [restartedMain] o.s.o.j.p.SpringPersistenceUnitInfo      : No LoadTimeWeaver setup: ignoring JPA class transformer
2025-02-25T13:04:07.777+05:30  INFO 3000 --- [EmployementPayrollApplicatiom] [restartedMain] org.hibernate.orm.connections.pooling    : HHH10001005: Database info:
	Database JDBC URL [Connecting through datasource 'HikariDataSource (HikariPool-1)']
	Database driver: undefined/unknown
	Database version: 2.3.232
	Autocommit mode: undefined/unknown
	Isolation level: undefined/unknown
	Minimum pool size: undefined/unknown
	Maximum pool size: undefined/unknown
2025-02-25T13:04:09.026+05:30  INFO 3000 --- [EmployementPayrollApplicatiom] [restartedMain] o.h.e.t.j.p.i.JtaPlatformInitiator       : HHH000489: No JTA platform available (set 'hibernate.transaction.jta.platform' to enable JTA platform integration)
2025-02-25T13:04:09.078+05:30  INFO 3000 --- [EmployementPayrollApplicatiom] [restartedMain] j.LocalContainerEntityManagerFactoryBean : Initialized JPA EntityManagerFactory for persistence unit 'default'
2025-02-25T13:04:09.183+05:30  WARN 3000 --- [EmployementPayrollApplicatiom] [restartedMain] JpaBaseConfiguration$JpaWebConfiguration : spring.jpa.open-in-view is enabled by default. Therefore, database queries may be performed during view rendering. Explicitly configure spring.jpa.open-in-view to disable this warning
2025-02-25T13:04:09.955+05:30  INFO 3000 --- [EmployementPayrollApplicatiom] [restartedMain] o.s.b.a.h2.H2ConsoleAutoConfiguration    : H2 console available at '/h2-console'. Database available at 'jdbc:h2:mem:11eec21d-34b5-47c5-bde8-47865ab7c9a9'
2025-02-25T13:04:10.046+05:30  INFO 3000 --- [EmployementPayrollApplicatiom] [restartedMain] o.s.b.d.a.OptionalLiveReloadServer       : LiveReload server is running on port 35729
2025-02-25T13:04:10.118+05:30  INFO 3000 --- [EmployementPayrollApplicatiom] [restartedMain] o.s.b.w.embedded.tomcat.TomcatWebServer  : Tomcat started on port 8080 (http) with context path '/'
2025-02-25T13:04:10.132+05:30  INFO 3000 --- [EmployementPayrollApplicatiom] [restartedMain] c.p.E.EmployementPayrollApplication      : Started EmployementPayrollApplication in 7.578 seconds (process running for 8.496)
2025-02-25T13:04:10.139+05:30  INFO 3000 --- [EmployementPayrollApplicatiom] [restartedMain] c.p.E.EmployementPayrollApplication      : Employee payroll App Started
2025-02-25T13:12:28.248+05:30  INFO 3000 --- [EmployementPayrollApplicatiom] [SpringApplicationShutdownHook] o.s.b.w.e.tomcat.GracefulShutdown        : Commencing graceful shutdown. Waiting for active requests to complete
2025-02-25T13:12:28.271+05:30  INFO 3000 --- [EmployementPayrollApplicatiom] [tomcat-shutdown] o.s.b.w.e.tomcat.GracefulShutdown        : Graceful shutdown complete
2025-02-25T13:12:28.276+05:30  INFO 3000 --- [EmployementPayrollApplicatiom] [SpringApplicationShutdownHook] j.LocalContainerEntityManagerFactoryBean : Closing JPA EntityManagerFactory for persistence unit 'default'
2025-02-25T13:12:28.288+05:30  WARN 3000 --- [EmployementPayrollApplicatiom] [SpringApplicationShutdownHook] o.s.b.f.support.DisposableBeanAdapter    : Invocation of destroy method failed on bean with name 'inMemoryDatabaseShutdownExecutor': org.h2.jdbc.JdbcSQLNonTransientConnectionException: Database is already closed (to disable automatic closing at VM shutdown, add ";DB_CLOSE_ON_EXIT=FALSE" to the db URL) [90121-232]
2025-02-25T13:12:28.290+05:30  INFO 3000 --- [EmployementPayrollApplicatiom] [SpringApplicationShutdownHook] com.zaxxer.hikari.HikariDataSource       : HikariPool-1 - Shutdown initiated...
2025-02-25T13:12:28.293+05:30  INFO 3000 --- [EmployementPayrollApplicatiom] [SpringApplicationShutdownHook] com.zaxxer.hikari.HikariDataSource       : HikariPool-1 - Shutdown completed.
2025-02-25T13:12:43.016+05:30  INFO 12240 --- [EmployementPayrollApplicatiom] [restartedMain] c.p.E.EmployementPayrollApplication      : Starting EmployementPayrollApplication using Java 23.0.1 with PID 12240 (D:\Capgemini\SpringBoot\Week-06-07-SpringBoot_Framework-\EmployementPayrollApplicatiom\target\classes started by sunny in D:\Capgemini\SpringBoot\Week-06-07-SpringBoot_Framework-\EmployementPayrollApplicatiom)
2025-02-25T13:12:43.020+05:30  INFO 12240 --- [EmployementPayrollApplicatiom] [restartedMain] c.p.E.EmployementPayrollApplication      : No active profile set, falling back to 1 default profile: "default"
2025-02-25T13:12:43.135+05:30  INFO 12240 --- [EmployementPayrollApplicatiom] [restartedMain] .e.DevToolsPropertyDefaultsPostProcessor : Devtools property defaults active! Set 'spring.devtools.add-properties' to 'false' to disable
2025-02-25T13:12:43.136+05:30  INFO 12240 --- [EmployementPayrollApplicatiom] [restartedMain] .e.DevToolsPropertyDefaultsPostProcessor : For additional web related logging consider setting the 'logging.level.web' property to 'DEBUG'
2025-02-25T13:12:44.391+05:30  INFO 12240 --- [EmployementPayrollApplicatiom] [restartedMain] .s.d.r.c.RepositoryConfigurationDelegate : Bootstrapping Spring Data JPA repositories in DEFAULT mode.
2025-02-25T13:12:44.496+05:30  INFO 12240 --- [EmployementPayrollApplicatiom] [restartedMain] .s.d.r.c.RepositoryConfigurationDelegate : Finished Spring Data repository scanning in 87 ms. Found 1 JPA repository interface.
2025-02-25T13:12:45.548+05:30  INFO 12240 --- [EmployementPayrollApplicatiom] [restartedMain] o.s.b.w.embedded.tomcat.TomcatWebServer  : Tomcat initialized with port 8080 (http)
2025-02-25T13:12:45.578+05:30  INFO 12240 --- [EmployementPayrollApplicatiom] [restartedMain] o.apache.catalina.core.StandardService   : Starting service [Tomcat]
2025-02-25T13:12:45.578+05:30  INFO 12240 --- [EmployementPayrollApplicatiom] [restartedMain] o.apache.catalina.core.StandardEngine    : Starting Servlet engine: [Apache Tomcat/10.1.36]
2025-02-25T13:12:45.655+05:30  INFO 12240 --- [EmployementPayrollApplicatiom] [restartedMain] o.a.c.c.C.[Tomcat].[localhost].[/]       : Initializing Spring embedded WebApplicationContext
2025-02-25T13:12:45.655+05:30  INFO 12240 --- [EmployementPayrollApplicatiom] [restartedMain] w.s.c.ServletWebServerApplicationContext : Root WebApplicationContext: initialization completed in 2518 ms
2025-02-25T13:12:45.839+05:30  INFO 12240 --- [EmployementPayrollApplicatiom] [restartedMain] com.zaxxer.hikari.HikariDataSource       : HikariPool-1 - Starting...
2025-02-25T13:12:46.169+05:30  INFO 12240 --- [EmployementPayrollApplicatiom] [restartedMain] com.zaxxer.hikari.pool.HikariPool        : HikariPool-1 - Added connection conn0: url=jdbc:h2:mem:418488b9-9a9b-4297-881b-ee144eacaea5 user=SA
2025-02-25T13:12:46.172+05:30  INFO 12240 --- [EmployementPayrollApplicatiom] [restartedMain] com.zaxxer.hikari.HikariDataSource       : HikariPool-1 - Start completed.
2025-02-25T13:12:46.321+05:30  INFO 12240 --- [EmployementPayrollApplicatiom] [restartedMain] o.hibernate.jpa.internal.util.LogHelper  : HHH000204: Processing PersistenceUnitInfo [name: default]
2025-02-25T13:12:46.424+05:30  INFO 12240 --- [EmployementPayrollApplicatiom] [restartedMain] org.hibernate.Version                    : HHH000412: Hibernate ORM core version 6.6.8.Final
2025-02-25T13:12:46.486+05:30  INFO 12240 --- [EmployementPayrollApplicatiom] [restartedMain] o.h.c.internal.RegionFactoryInitiator    : HHH000026: Second-level cache disabled
2025-02-25T13:12:46.989+05:30  INFO 12240 --- [EmployementPayrollApplicatiom] [restartedMain] o.s.o.j.p.SpringPersistenceUnitInfo      : No LoadTimeWeaver setup: ignoring JPA class transformer
2025-02-25T13:12:47.120+05:30  INFO 12240 --- [EmployementPayrollApplicatiom] [restartedMain] org.hibernate.orm.connections.pooling    : HHH10001005: Database info:
	Database JDBC URL [Connecting through datasource 'HikariDataSource (HikariPool-1)']
	Database driver: undefined/unknown
	Database version: 2.3.232
	Autocommit mode: undefined/unknown
	Isolation level: undefined/unknown
	Minimum pool size: undefined/unknown
	Maximum pool size: undefined/unknown
2025-02-25T13:12:48.307+05:30  INFO 12240 --- [EmployementPayrollApplicatiom] [restartedMain] o.h.e.t.j.p.i.JtaPlatformInitiator       : HHH000489: No JTA platform available (set 'hibernate.transaction.jta.platform' to enable JTA platform integration)
2025-02-25T13:12:48.353+05:30  INFO 12240 --- [EmployementPayrollApplicatiom] [restartedMain] j.LocalContainerEntityManagerFactoryBean : Initialized JPA EntityManagerFactory for persistence unit 'default'
2025-02-25T13:12:48.374+05:30  INFO 12240 --- [EmployementPayrollApplicatiom] [restartedMain] c.p.E.service.EmployeeService            : EmployeeService initialized with initial data.
2025-02-25T13:12:48.451+05:30  WARN 12240 --- [EmployementPayrollApplicatiom] [restartedMain] JpaBaseConfiguration$JpaWebConfiguration : spring.jpa.open-in-view is enabled by default. Therefore, database queries may be performed during view rendering. Explicitly configure spring.jpa.open-in-view to disable this warning
2025-02-25T13:12:49.247+05:30  INFO 12240 --- [EmployementPayrollApplicatiom] [restartedMain] o.s.b.a.h2.H2ConsoleAutoConfiguration    : H2 console available at '/h2-console'. Database available at 'jdbc:h2:mem:418488b9-9a9b-4297-881b-ee144eacaea5'
2025-02-25T13:12:49.332+05:30  INFO 12240 --- [EmployementPayrollApplicatiom] [restartedMain] o.s.b.d.a.OptionalLiveReloadServer       : LiveReload server is running on port 35729
2025-02-25T13:12:49.395+05:30  INFO 12240 --- [EmployementPayrollApplicatiom] [restartedMain] o.s.b.w.embedded.tomcat.TomcatWebServer  : Tomcat started on port 8080 (http) with context path '/'
2025-02-25T13:12:49.409+05:30  INFO 12240 --- [EmployementPayrollApplicatiom] [restartedMain] c.p.E.EmployementPayrollApplication      : Started EmployementPayrollApplication in 7.253 seconds (process running for 8.184)
2025-02-25T13:12:49.413+05:30  INFO 12240 --- [EmployementPayrollApplicatiom] [restartedMain] c.p.E.EmployementPayrollApplication      : Employee payroll App Started
2025-02-25T13:13:13.717+05:30  INFO 12240 --- [EmployementPayrollApplicatiom] [SpringApplicationShutdownHook] o.s.b.w.e.tomcat.GracefulShutdown        : Commencing graceful shutdown. Waiting for active requests to complete
2025-02-25T13:13:13.737+05:30  INFO 12240 --- [EmployementPayrollApplicatiom] [tomcat-shutdown] o.s.b.w.e.tomcat.GracefulShutdown        : Graceful shutdown complete
2025-02-25T13:13:13.741+05:30  INFO 12240 --- [EmployementPayrollApplicatiom] [SpringApplicationShutdownHook] j.LocalContainerEntityManagerFactoryBean : Closing JPA EntityManagerFactory for persistence unit 'default'
2025-02-25T13:13:13.751+05:30  WARN 12240 --- [EmployementPayrollApplicatiom] [SpringApplicationShutdownHook] o.s.b.f.support.DisposableBeanAdapter    : Invocation of destroy method failed on bean with name 'inMemoryDatabaseShutdownExecutor': org.h2.jdbc.JdbcSQLNonTransientConnectionException: Database is already closed (to disable automatic closing at VM shutdown, add ";DB_CLOSE_ON_EXIT=FALSE" to the db URL) [90121-232]
2025-02-25T13:13:13.752+05:30  INFO 12240 --- [EmployementPayrollApplicatiom] [SpringApplicationShutdownHook] com.zaxxer.hikari.HikariDataSource       : HikariPool-1 - Shutdown initiated...
2025-02-25T13:13:13.754+05:30  INFO 12240 --- [EmployementPayrollApplicatiom] [SpringApplicationShutdownHook] com.zaxxer.hikari.HikariDataSource       : HikariPool-1 - Shutdown completed.
